[17:26:22 - training_loop - INFO] [94mbatch_size_gpu: 4[0m
[17:26:22 - training_loop - INFO] [94mConstructing network...[0m
[17:26:22 - training_loop - INFO] [94mSetting up optimizer...[0m
[17:26:23 - training_loop - WARNING] [93mCould not load network and optimizer states[0m
[17:26:23 - training_loop - INFO] [94mTraining for 10 kimg...[0m
[17:28:12 - training_loop - INFO] [94mtick 0     kimg 1.0       time 1m 50s       sec/tick 108.7   sec/kimg 108.73  maintenance 0.9    cpumem 16.97  gpumem 1.53   reserved 1.68  [0m
[17:28:12 - training_loop - INFO] [94mSaved model in the /data2/nora/GenDA_workspace/experiments/exp01_minitest_10kimg_lr=10000/ directory[0m
[17:28:12 - training_loop - INFO] [94mSaved EMA model in the /data2/nora/GenDA_workspace/experiments/exp01_minitest_10kimg_lr=10000/ directory[0m
[17:28:12 - training_loop - INFO] [94mSaved optimizer state in the /data2/nora/GenDA_workspace/experiments/exp01_minitest_10kimg_lr=10000/ directory[0m
[17:28:27 - training_loop - INFO] [94mtick 1     kimg 2.0       time 2m 05s       sec/tick 14.7    sec/kimg 14.66   maintenance 0.3    cpumem 16.97  gpumem 1.53   reserved 1.68  [0m
[17:29:00 - training_loop - INFO] [94mtick 2     kimg 3.0       time 2m 38s       sec/tick 33.3    sec/kimg 33.29   maintenance 0.0    cpumem 16.97  gpumem 1.53   reserved 1.68  [0m
[17:29:14 - training_loop - INFO] [94mtick 3     kimg 4.0       time 2m 52s       sec/tick 13.9    sec/kimg 13.91   maintenance 0.0    cpumem 16.97  gpumem 1.53   reserved 1.68  [0m
[17:29:45 - training_loop - INFO] [94mtick 4     kimg 5.0       time 3m 23s       sec/tick 31.6    sec/kimg 31.61   maintenance 0.0    cpumem 16.97  gpumem 1.53   reserved 1.68  [0m
[17:30:01 - training_loop - INFO] [94mtick 5     kimg 6.0       time 3m 39s       sec/tick 15.4    sec/kimg 15.35   maintenance 0.0    cpumem 16.97  gpumem 1.53   reserved 1.68  [0m
[17:30:01 - training_loop - INFO] [94mSaved model in the /data2/nora/GenDA_workspace/experiments/exp01_minitest_10kimg_lr=10000/ directory[0m
[17:30:01 - training_loop - INFO] [94mSaved EMA model in the /data2/nora/GenDA_workspace/experiments/exp01_minitest_10kimg_lr=10000/ directory[0m
[17:30:01 - training_loop - INFO] [94mSaved optimizer state in the /data2/nora/GenDA_workspace/experiments/exp01_minitest_10kimg_lr=10000/ directory[0m
[17:30:34 - training_loop - INFO] [94mtick 6     kimg 7.0       time 4m 12s       sec/tick 32.3    sec/kimg 32.29   maintenance 0.5    cpumem 16.97  gpumem 1.53   reserved 1.68  [0m
[17:30:48 - training_loop - INFO] [94mtick 7     kimg 8.0       time 4m 26s       sec/tick 14.2    sec/kimg 14.22   maintenance 0.0    cpumem 16.97  gpumem 1.53   reserved 1.68  [0m
[17:31:21 - training_loop - INFO] [94mtick 8     kimg 9.0       time 4m 59s       sec/tick 33.4    sec/kimg 33.39   maintenance 0.0    cpumem 16.97  gpumem 1.53   reserved 1.68  [0m
[17:31:35 - training_loop - INFO] [94mtick 9     kimg 10.0      time 5m 13s       sec/tick 13.9    sec/kimg 13.95   maintenance 0.0    cpumem 16.97  gpumem 1.53   reserved 1.68  [0m
[17:31:35 - training_loop - INFO] [94mSaved model in the /data2/nora/GenDA_workspace/experiments/exp01_minitest_10kimg_lr=10000/ directory[0m
[17:31:35 - training_loop - INFO] [94mSaved EMA model in the /data2/nora/GenDA_workspace/experiments/exp01_minitest_10kimg_lr=10000/ directory[0m
[17:31:35 - training_loop - INFO] [94mSaved optimizer state in the /data2/nora/GenDA_workspace/experiments/exp01_minitest_10kimg_lr=10000/ directory[0m
[17:31:35 - training_loop - INFO] [94mExiting...[0m
